ANT-LOG
1538264002 EVENT_READ: 
1538264003 EVENT_READ: 
1538264004 EVENT_READ: 
1538264005 EVENT_READ: 
1538264006 EVENT_READ: 
1538264007 EVENT_READ: 
1538264008 EVENT_READ: 
1538264009 EVENT_READ: 
1538264009 EVENT_WRITE: A4 01 4A 00 EF
1538264009 EVENT_READ: A4 01 6F 20 EA
1538264010 EVENT_READ: 
1538264011 EVENT_READ: 
1538264011 EVENT_WRITE: A4 02 4D 00 54 BF
1538264011 EVENT_READ: A4 06 54 08 03 00 BA 36 00 71
1538264011 EVENT_WRITE: A4 09 46 00 00 00 00 00 00 00 00 00 EB
1538264011 EVENT_READ: A4 03 40 00 46 00 A1
1538264011 EVENT_WRITE: A4 09 46 01 00 00 00 00 00 00 00 00 EA
1538264011 EVENT_READ: A4 03 40 01 46 00 A0
1538264011 EVENT_WRITE: A4 09 46 02 00 00 00 00 00 00 00 00 E9
1538264011 EVENT_READ: A4 03 40 02 46 00 A3
1538264011 EVENT_WRITE: A4 09 46 00 B9 A5 21 FB BD 72 C3 45 64
1538264011 EVENT_READ: A4 03 40 00 46 00 A1
1538264011 EVENT_WRITE: A4 03 42 00 00 00 E5
1538264011 EVENT_READ: A4 03 40 00 42 00 A5
1538264011 EVENT_WRITE: A4 05 51 00 00 00 78 00 88
1538264011 EVENT_READ: A4 03 40 00 51 00 B6
1538264011 EVENT_WRITE: A4 02 44 00 FF 1D
1538264011 EVENT_READ: A4 03 40 00 44 00 A3
1538264011 EVENT_WRITE: A4 03 43 00 86 1F 7D
1538264011 EVENT_READ: A4 03 40 00 43 00 A4
1538264011 EVENT_WRITE: A4 02 45 00 39 DA
1538264011 EVENT_READ: A4 03 40 00 45 00 A2
1538264011 EVENT_WRITE: A4 01 4B 00 EE
1538264011 EVENT_READ: A4 03 40 00 4B 00 AC
1538264011 EVENT_WRITE: A4 02 4D 00 61 8A
1538264011 EVENT_READ: A4 04 61 B1 F9 27 12 BC
1538264012 EVENT_READ: 
1538264013 EVENT_READ: 
1538264014 EVENT_READ: 
1538264015 EVENT_READ: 
1538264016 EVENT_READ: 
1538264016 EVENT_WRITE: A4 01 4C 00 E9
1538264016 EVENT_READ: A4 03 40 00 4C 00 AB
1538264016 EVENT_READ: A4 03 40 00 01 07 E1
1538264016 EVENT_WRITE: A4 01 41 00 E4
1538264016 EVENT_READ: A4 03 40 00 41 00 A6
1538264016 EVENT_WRITE: A4 01 4A 00 EF
1538264016 EVENT_READ: A4 01 6F 20 EA
1538264017 EVENT_READ: 
1538264018 EVENT_READ: 
